2019-10-01 21:29:42.240  INFO 19560 --- [restartedMain] c.e.backend.saude.SaudeApplication       : Starting SaudeApplication on BR-AJUNIOR with PID 19560 (C:\Users\AMAURY.JUNIOR\Desktop\Amaury\Projetos\projetoAgeis\target\classes started by AMAURY.JUNIOR in C:\Users\AMAURY.JUNIOR\Desktop\Amaury\Projetos\projetoAgeis)
2019-10-01 21:29:42.246  INFO 19560 --- [restartedMain] c.e.backend.saude.SaudeApplication       : No active profile set, falling back to default profiles: default
2019-10-01 21:29:42.348  INFO 19560 --- [restartedMain] .e.DevToolsPropertyDefaultsPostProcessor : Devtools property defaults active! Set 'spring.devtools.add-properties' to 'false' to disable
2019-10-01 21:29:42.350  INFO 19560 --- [restartedMain] .e.DevToolsPropertyDefaultsPostProcessor : For additional web related logging consider setting the 'logging.level.web' property to 'DEBUG'
2019-10-01 21:29:44.469  INFO 19560 --- [restartedMain] .s.d.r.c.RepositoryConfigurationDelegate : Bootstrapping Spring Data repositories in DEFAULT mode.
2019-10-01 21:29:44.538  INFO 19560 --- [restartedMain] .s.d.r.c.RepositoryConfigurationDelegate : Finished Spring Data repository scanning in 43ms. Found 0 repository interfaces.
2019-10-01 21:29:45.871  INFO 19560 --- [restartedMain] trationDelegate$BeanPostProcessorChecker : Bean 'org.springframework.transaction.annotation.ProxyTransactionManagementConfiguration' of type [org.springframework.transaction.annotation.ProxyTransactionManagementConfiguration$$EnhancerBySpringCGLIB$$d7828585] is not eligible for getting processed by all BeanPostProcessors (for example: not eligible for auto-proxying)
2019-10-01 21:29:47.023  INFO 19560 --- [restartedMain] o.s.b.w.embedded.tomcat.TomcatWebServer  : Tomcat initialized with port(s): 9080 (http)
2019-10-01 21:29:47.125  INFO 19560 --- [restartedMain] o.apache.catalina.core.StandardService   : Starting service [Tomcat]
2019-10-01 21:29:47.128  INFO 19560 --- [restartedMain] org.apache.catalina.core.StandardEngine  : Starting Servlet engine: [Apache Tomcat/9.0.24]
2019-10-01 21:29:47.465  INFO 19560 --- [restartedMain] o.a.c.c.C.[Tomcat].[localhost].[/]       : Initializing Spring embedded WebApplicationContext
2019-10-01 21:29:47.466  INFO 19560 --- [restartedMain] o.s.web.context.ContextLoader            : Root WebApplicationContext: initialization completed in 5116 ms
2019-10-01 21:29:47.560  WARN 19560 --- [restartedMain] ConfigServletWebServerApplicationContext : Exception encountered during context initialization - cancelling refresh attempt: org.springframework.beans.factory.UnsatisfiedDependencyException: Error creating bean with name 'inMemoryDatabaseShutdownExecutor' defined in class path resource [org/springframework/boot/devtools/autoconfigure/DevToolsDataSourceAutoConfiguration.class]: Unsatisfied dependency expressed through method 'inMemoryDatabaseShutdownExecutor' parameter 0; nested exception is org.springframework.beans.factory.BeanCreationException: Error creating bean with name 'dataSource' defined in class path resource [org/springframework/boot/autoconfigure/jdbc/DataSourceConfiguration$Hikari.class]: Bean instantiation via factory method failed; nested exception is org.springframework.beans.BeanInstantiationException: Failed to instantiate [com.zaxxer.hikari.HikariDataSource]: Factory method 'dataSource' threw exception; nested exception is org.springframework.boot.autoconfigure.jdbc.DataSourceProperties$DataSourceBeanCreationException: Failed to determine a suitable driver class
2019-10-01 21:29:47.565  INFO 19560 --- [restartedMain] o.apache.catalina.core.StandardService   : Stopping service [Tomcat]
2019-10-01 21:29:47.598  INFO 19560 --- [restartedMain] ConditionEvaluationReportLoggingListener : 

Error starting ApplicationContext. To display the conditions report re-run your application with 'debug' enabled.
2019-10-01 21:29:47.607 ERROR 19560 --- [restartedMain] o.s.b.d.LoggingFailureAnalysisReporter   : 

***************************
APPLICATION FAILED TO START
***************************

Description:

Failed to configure a DataSource: 'url' attribute is not specified and no embedded datasource could be configured.

Reason: Failed to determine a suitable driver class


Action:

Consider the following:
	If you want an embedded database (H2, HSQL or Derby), please put it on the classpath.
	If you have database settings to be loaded from a particular profile you may need to activate it (no profiles are currently active).

2019-10-01 21:36:19.197  INFO 16412 --- [restartedMain] c.e.backend.saude.SaudeApplication       : Starting SaudeApplication on BR-AJUNIOR with PID 16412 (C:\Users\AMAURY.JUNIOR\Desktop\Amaury\Projetos\projetoAgeis\target\classes started by AMAURY.JUNIOR in C:\Users\AMAURY.JUNIOR\Desktop\Amaury\Projetos\projetoAgeis)
2019-10-01 21:36:19.201  INFO 16412 --- [restartedMain] c.e.backend.saude.SaudeApplication       : No active profile set, falling back to default profiles: default
2019-10-01 21:36:19.254  INFO 16412 --- [restartedMain] .e.DevToolsPropertyDefaultsPostProcessor : Devtools property defaults active! Set 'spring.devtools.add-properties' to 'false' to disable
2019-10-01 21:36:19.254  INFO 16412 --- [restartedMain] .e.DevToolsPropertyDefaultsPostProcessor : For additional web related logging consider setting the 'logging.level.web' property to 'DEBUG'
2019-10-01 21:36:20.161  INFO 16412 --- [restartedMain] .s.d.r.c.RepositoryConfigurationDelegate : Bootstrapping Spring Data repositories in DEFAULT mode.
2019-10-01 21:36:20.193  INFO 16412 --- [restartedMain] .s.d.r.c.RepositoryConfigurationDelegate : Finished Spring Data repository scanning in 19ms. Found 0 repository interfaces.
2019-10-01 21:36:20.571  INFO 16412 --- [restartedMain] trationDelegate$BeanPostProcessorChecker : Bean 'org.springframework.transaction.annotation.ProxyTransactionManagementConfiguration' of type [org.springframework.transaction.annotation.ProxyTransactionManagementConfiguration$$EnhancerBySpringCGLIB$$d89441df] is not eligible for getting processed by all BeanPostProcessors (for example: not eligible for auto-proxying)
2019-10-01 21:36:20.999  INFO 16412 --- [restartedMain] o.s.b.w.embedded.tomcat.TomcatWebServer  : Tomcat initialized with port(s): 9080 (http)
2019-10-01 21:36:21.027  INFO 16412 --- [restartedMain] o.apache.catalina.core.StandardService   : Starting service [Tomcat]
2019-10-01 21:36:21.027  INFO 16412 --- [restartedMain] org.apache.catalina.core.StandardEngine  : Starting Servlet engine: [Apache Tomcat/9.0.24]
2019-10-01 21:36:21.189  INFO 16412 --- [restartedMain] o.a.c.c.C.[Tomcat].[localhost].[/]       : Initializing Spring embedded WebApplicationContext
2019-10-01 21:36:21.189  INFO 16412 --- [restartedMain] o.s.web.context.ContextLoader            : Root WebApplicationContext: initialization completed in 1935 ms
2019-10-01 21:36:21.268  WARN 16412 --- [restartedMain] ConfigServletWebServerApplicationContext : Exception encountered during context initialization - cancelling refresh attempt: org.springframework.beans.factory.UnsatisfiedDependencyException: Error creating bean with name 'inMemoryDatabaseShutdownExecutor' defined in class path resource [org/springframework/boot/devtools/autoconfigure/DevToolsDataSourceAutoConfiguration.class]: Unsatisfied dependency expressed through method 'inMemoryDatabaseShutdownExecutor' parameter 0; nested exception is org.springframework.beans.factory.BeanCreationException: Error creating bean with name 'dataSource' defined in class path resource [org/springframework/boot/autoconfigure/jdbc/DataSourceConfiguration$Hikari.class]: Bean instantiation via factory method failed; nested exception is org.springframework.beans.BeanInstantiationException: Failed to instantiate [com.zaxxer.hikari.HikariDataSource]: Factory method 'dataSource' threw exception; nested exception is org.springframework.boot.autoconfigure.jdbc.DataSourceProperties$DataSourceBeanCreationException: Failed to determine a suitable driver class
2019-10-01 21:36:21.273  INFO 16412 --- [restartedMain] o.apache.catalina.core.StandardService   : Stopping service [Tomcat]
2019-10-01 21:36:21.308  INFO 16412 --- [restartedMain] ConditionEvaluationReportLoggingListener : 

Error starting ApplicationContext. To display the conditions report re-run your application with 'debug' enabled.
2019-10-01 21:36:21.318 ERROR 16412 --- [restartedMain] o.s.b.d.LoggingFailureAnalysisReporter   : 

***************************
APPLICATION FAILED TO START
***************************

Description:

Failed to configure a DataSource: 'url' attribute is not specified and no embedded datasource could be configured.

Reason: Failed to determine a suitable driver class


Action:

Consider the following:
	If you want an embedded database (H2, HSQL or Derby), please put it on the classpath.
	If you have database settings to be loaded from a particular profile you may need to activate it (no profiles are currently active).

2019-10-01 21:38:17.683  INFO 21476 --- [restartedMain] c.e.backend.saude.SaudeApplication       : Starting SaudeApplication on BR-AJUNIOR with PID 21476 (C:\Users\AMAURY.JUNIOR\Desktop\Amaury\Projetos\projetoAgeis\target\classes started by AMAURY.JUNIOR in C:\Users\AMAURY.JUNIOR\Desktop\Amaury\Projetos\projetoAgeis)
2019-10-01 21:38:17.689  INFO 21476 --- [restartedMain] c.e.backend.saude.SaudeApplication       : No active profile set, falling back to default profiles: default
2019-10-01 21:38:17.743  INFO 21476 --- [restartedMain] .e.DevToolsPropertyDefaultsPostProcessor : Devtools property defaults active! Set 'spring.devtools.add-properties' to 'false' to disable
2019-10-01 21:38:17.744  INFO 21476 --- [restartedMain] .e.DevToolsPropertyDefaultsPostProcessor : For additional web related logging consider setting the 'logging.level.web' property to 'DEBUG'
2019-10-01 21:38:18.491  INFO 21476 --- [restartedMain] .s.d.r.c.RepositoryConfigurationDelegate : Bootstrapping Spring Data repositories in DEFAULT mode.
2019-10-01 21:38:18.519  INFO 21476 --- [restartedMain] .s.d.r.c.RepositoryConfigurationDelegate : Finished Spring Data repository scanning in 16ms. Found 0 repository interfaces.
2019-10-01 21:38:18.913  INFO 21476 --- [restartedMain] trationDelegate$BeanPostProcessorChecker : Bean 'org.springframework.transaction.annotation.ProxyTransactionManagementConfiguration' of type [org.springframework.transaction.annotation.ProxyTransactionManagementConfiguration$$EnhancerBySpringCGLIB$$c53bd288] is not eligible for getting processed by all BeanPostProcessors (for example: not eligible for auto-proxying)
2019-10-01 21:38:19.382  INFO 21476 --- [restartedMain] o.s.b.w.embedded.tomcat.TomcatWebServer  : Tomcat initialized with port(s): 9080 (http)
2019-10-01 21:38:19.404  INFO 21476 --- [restartedMain] o.apache.catalina.core.StandardService   : Starting service [Tomcat]
2019-10-01 21:38:19.404  INFO 21476 --- [restartedMain] org.apache.catalina.core.StandardEngine  : Starting Servlet engine: [Apache Tomcat/9.0.24]
2019-10-01 21:38:19.532  INFO 21476 --- [restartedMain] o.a.c.c.C.[Tomcat].[localhost].[/]       : Initializing Spring embedded WebApplicationContext
2019-10-01 21:38:19.532  INFO 21476 --- [restartedMain] o.s.web.context.ContextLoader            : Root WebApplicationContext: initialization completed in 1788 ms
2019-10-01 21:38:19.598  WARN 21476 --- [restartedMain] ConfigServletWebServerApplicationContext : Exception encountered during context initialization - cancelling refresh attempt: org.springframework.beans.factory.UnsatisfiedDependencyException: Error creating bean with name 'inMemoryDatabaseShutdownExecutor' defined in class path resource [org/springframework/boot/devtools/autoconfigure/DevToolsDataSourceAutoConfiguration.class]: Unsatisfied dependency expressed through method 'inMemoryDatabaseShutdownExecutor' parameter 0; nested exception is org.springframework.beans.factory.BeanCreationException: Error creating bean with name 'dataSource' defined in class path resource [org/springframework/boot/autoconfigure/jdbc/DataSourceConfiguration$Hikari.class]: Bean instantiation via factory method failed; nested exception is org.springframework.beans.BeanInstantiationException: Failed to instantiate [com.zaxxer.hikari.HikariDataSource]: Factory method 'dataSource' threw exception; nested exception is org.springframework.boot.autoconfigure.jdbc.DataSourceProperties$DataSourceBeanCreationException: Failed to determine a suitable driver class
2019-10-01 21:38:19.600  INFO 21476 --- [restartedMain] o.apache.catalina.core.StandardService   : Stopping service [Tomcat]
2019-10-01 21:38:19.622  INFO 21476 --- [restartedMain] ConditionEvaluationReportLoggingListener : 

Error starting ApplicationContext. To display the conditions report re-run your application with 'debug' enabled.
2019-10-01 21:38:19.628 ERROR 21476 --- [restartedMain] o.s.b.d.LoggingFailureAnalysisReporter   : 

***************************
APPLICATION FAILED TO START
***************************

Description:

Failed to configure a DataSource: 'url' attribute is not specified and no embedded datasource could be configured.

Reason: Failed to determine a suitable driver class


Action:

Consider the following:
	If you want an embedded database (H2, HSQL or Derby), please put it on the classpath.
	If you have database settings to be loaded from a particular profile you may need to activate it (no profiles are currently active).

